{"name": "test_dev[int]", "status": "failed", "statusDetails": {"message": "AssertionError: assert 1.0 == 2\n +  where 1.0 = round(1.0, 2)", "trace": "self = <tset_case.test_cacl_case.Testcaclcase object at 0x04563148>, get_cacl = <tset_case.cacl.cacl object at 0x04528268>, a = 1, b = 1, expect = 2\n\n    @pytest.mark.parametrize(\"a,b,expect\", getyaml()[6], ids=getyaml()[7])\n    def test_dev(self, get_cacl, a, b, expect):\n        if b==0:\n            with pytest.raises(ZeroDivisionError) as e:\n                    get_cacl.div(a, b)\n            assert e.type==ZeroDivisionError\n            assert 'division by zero' in str(e.value)\n        else:\n            result = get_cacl.div(a, b)\n>           assert round(result,2) == expect\nE           assert 1.0 == 2\nE            +  where 1.0 = round(1.0, 2)\n\ntest_cacl_case.py:65: AssertionError"}, "parameters": [{"name": "a", "value": "1"}, {"name": "b", "value": "1"}, {"name": "expect", "value": "2"}], "start": 1623311628513, "stop": 1623311628513, "uuid": "8b1cf2a6-2f4b-44e0-8df9-fa32854bce84", "historyId": "fdd0bace25c05e8af6549fb236f3c2bb", "testCaseId": "21b4751e05a84e8334a56ecd37b10b84", "fullName": "test_cacl_case.Testcaclcase#test_dev", "labels": [{"name": "suite", "value": "test_cacl_case"}, {"name": "subSuite", "value": "Testcaclcase"}, {"name": "host", "value": "BB-202009-DN003"}, {"name": "thread", "value": "89176-MainThread"}, {"name": "framework", "value": "pytest"}, {"name": "language", "value": "cpython3"}, {"name": "package", "value": "test_cacl_case"}]}